<?xml version="1.0" encoding="UTF-8"?>
<!-- Generated by org.testng.reporters.JUnitReportReporter -->
<testsuite skipped="0" hostname="AIPL-PUN-LT-081" name="com.api.test.JSONValidation" tests="1" failures="0" timestamp="13 Apr 2020 17:23:49 GMT" time="2.585" errors="0">
  <testcase name="verifyJsonResponse" time="2.585" classname="com.api.test.JSONValidation"/>
</testsuite> <!-- com.api.test.JSONValidation -->
