<?xml version="1.0" encoding="UTF-8"?>
<!-- Generated by org.testng.reporters.JUnitReportReporter -->
<testsuite skipped="1" hostname="AIPL2361LT06766" name="com.walmart.jsonpath.RequestSpecs" tests="2" failures="0" timestamp="10 Aug 2020 06:29:23 GMT" time="3.484" errors="0">
  <testcase name="getUsingRequestSpec1" time="3.484" classname="com.walmart.jsonpath.RequestSpecs"/>
  <testcase name="test001" classname="com.walmart.jsonpath.RequestSpecs">
    <skipped/>
  </testcase> <!-- test001 -->
</testsuite> <!-- com.walmart.jsonpath.RequestSpecs -->
