<?xml version="1.0" encoding="UTF-8"?>
<!-- Generated by org.testng.reporters.JUnitReportReporter -->
<testsuite skipped="0" hostname="AIPL-PUN-LT-081" name="com.api.test.POSTCallWithFile" tests="1" failures="0" timestamp="2020-03-27T11:16:52 IST" time="2.711" errors="0">
  <testcase name="getTokenPOSTApiWithInvalidJsonFileTest" time="2.711" classname="com.api.test.POSTCallWithFile"/>
  <system-out/>
</testsuite> <!-- com.api.test.POSTCallWithFile -->
