<?xml version="1.0" encoding="UTF-8"?>
<!-- Generated by org.testng.reporters.JUnitReportReporter -->
<testsuite skipped="0" hostname="AIPL2361LT06766" name="com.students.tests.StudentGetRequest" tests="1" failures="0" timestamp="09 Aug 2020 06:59:42 GMT" time="1.650" errors="0">
  <testcase name="getCheckWithoutHardCode" time="1.650" classname="com.students.tests.StudentGetRequest"/>
</testsuite> <!-- com.students.tests.StudentGetRequest -->
