<?xml version="1.0" encoding="UTF-8"?>
<!-- Generated by org.testng.reporters.JUnitReportReporter -->
<testsuite skipped="0" hostname="AIPL-PUN-LT-081" name="com.booking.api.test.FinalPayload" tests="1" failures="0" timestamp="2020-03-27T21:52:10 IST" time="0.172" errors="0">
  <testcase name="IssuePOJOCreation" time="0.172" classname="com.booking.api.test.FinalPayload"/>
  <system-out/>
</testsuite> <!-- com.booking.api.test.FinalPayload -->
