<?xml version="1.0" encoding="UTF-8"?>
<!-- Generated by org.testng.reporters.JUnitReportReporter -->
<testsuite skipped="0" hostname="AIPL2361LT06766" name="com.students.tests.BestBuyAPI" tests="1" failures="0" timestamp="09 Aug 2020 10:47:11 GMT" time="2.151" errors="0">
  <testcase name="getAllDataElement" time="2.151" classname="com.students.tests.BestBuyAPI"/>
</testsuite> <!-- com.students.tests.BestBuyAPI -->
