<?xml version="1.0" encoding="UTF-8"?>
<!-- Generated by org.testng.reporters.JUnitReportReporter -->
<testsuite skipped="1" hostname="AIPL-PUN-LT-081" name="com.api.test.GetApiNoBDD" tests="2" failures="0" timestamp="2020-03-26T15:57:16 IST" time="2.954" errors="0">
  <testcase name="getUserApiWithParamTest" time="2.954" classname="com.api.test.GetApiNoBDD"/>
  <system-out/>
  <testcase name="getUserApi" classname="com.api.test.GetApiNoBDD">
    <skipped/>
  </testcase> <!-- getUserApi -->
  <system-out/>
</testsuite> <!-- com.api.test.GetApiNoBDD -->
