<?xml version="1.0" encoding="UTF-8"?>
<!-- Generated by org.testng.reporters.JUnitReportReporter -->
<testsuite skipped="0" hostname="AIPL-PUN-LT-081" name="com.api.test.POSTCallNoBDD" tests="1" failures="0" timestamp="2020-03-26T16:24:27 IST" time="3.558" errors="0">
  <testcase name="tokenPOSTApiTest" time="3.558" classname="com.api.test.POSTCallNoBDD"/>
  <system-out/>
</testsuite> <!-- com.api.test.POSTCallNoBDD -->
