<?xml version="1.0" encoding="UTF-8"?>
<!-- Generated by org.testng.reporters.JUnitReportReporter -->
<testsuite skipped="0" hostname="AIPL-PUN-LT-081" name="com.api.test.POSTCallWithoutBDD" tests="1" failures="0" timestamp="13 Apr 2020 09:52:12 GMT" time="1.865" errors="0">
  <testcase name="createNewUserAPI" time="1.865" classname="com.api.test.POSTCallWithoutBDD"/>
</testsuite> <!-- com.api.test.POSTCallWithoutBDD -->
