<?xml version="1.0" encoding="UTF-8"?>
<!-- Generated by org.testng.reporters.JUnitReportReporter -->
<testsuite skipped="0" hostname="AIPL2361LT06766" name="com.walmart.jsonpath.AssertionExamples" tests="1" failures="0" timestamp="09 Aug 2020 17:36:48 GMT" time="3.736" errors="0">
  <testcase name="getAllTheNames" time="3.736" classname="com.walmart.jsonpath.AssertionExamples"/>
</testsuite> <!-- com.walmart.jsonpath.AssertionExamples -->
