<?xml version="1.0" encoding="UTF-8"?>
<!-- Generated by org.testng.reporters.JUnitReportReporter -->
<testsuite skipped="0" hostname="AIPL2361LT06766" name="com.walmart.jsonpath.SearchJsonPath" tests="1" failures="0" timestamp="09 Aug 2020 16:32:52 GMT" time="5.172" errors="0">
  <testcase name="test010" time="5.172" classname="com.walmart.jsonpath.SearchJsonPath"/>
</testsuite> <!-- com.walmart.jsonpath.SearchJsonPath -->
