<?xml version="1.0" encoding="UTF-8"?>
<!-- Generated by org.testng.reporters.JUnitReportReporter -->
<testsuite skipped="0" hostname="AIPL-PUN-LT-081" name="com.qa.httpclientsAPItests.GetUserAPITest" tests="1" failures="0" timestamp="31 Mar 2020 11:59:38 GMT" time="0.908" errors="0">
  <testcase name="goRestUserAPITest" time="0.908" classname="com.qa.httpclientsAPItests.GetUserAPITest"/>
</testsuite> <!-- com.qa.httpclientsAPItests.GetUserAPITest -->
