<?xml version="1.0" encoding="UTF-8"?>
<!-- Generated by org.testng.reporters.JUnitReportReporter -->
<testsuite skipped="0" hostname="AIPL2361LT06766" name="com.students.tests.JsonPathJsonSlurperExamples" tests="1" failures="0" timestamp="09 Aug 2020 15:17:09 GMT" time="0.594" errors="0">
  <testcase name="getNameForAllStores" time="0.594" classname="com.students.tests.JsonPathJsonSlurperExamples"/>
</testsuite> <!-- com.students.tests.JsonPathJsonSlurperExamples -->
