<?xml version="1.0" encoding="UTF-8"?>
<!-- Generated by org.testng.reporters.JUnitReportReporter -->
<testsuite skipped="0" hostname="AIPL2361LT06766" name="com.walmart.jsonpath.FilterTest" tests="1" failures="0" timestamp="10 Aug 2020 07:05:06 GMT" time="1.561" errors="0">
  <testcase name="errorWriter" time="1.561" classname="com.walmart.jsonpath.FilterTest"/>
</testsuite> <!-- com.walmart.jsonpath.FilterTest -->
