<?xml version="1.0" encoding="UTF-8"?>
<!-- Generated by org.testng.reporters.JUnitReportReporter -->
<testsuite skipped="0" hostname="AIPL-PUN-LT-081" name="com.booking.api.test.StudentAPITestWithSerilization" tests="2" failures="0" timestamp="2020-03-27T23:07:29 IST" time="0.175" errors="0">
  <testcase name="createNewStudentSerilization" time="0.174" classname="com.booking.api.test.StudentAPITestWithSerilization"/>
  <system-out/>
  <testcase name="getStudent" time="0.001" classname="com.booking.api.test.StudentAPITestWithSerilization"/>
  <system-out/>
</testsuite> <!-- com.booking.api.test.StudentAPITestWithSerilization -->
