<?xml version="1.0" encoding="UTF-8"?>
<!-- Generated by org.testng.reporters.JUnitReportReporter -->
<testsuite skipped="2" hostname="AIPL-PUN-LT-081" name="com.api.test.GETCallApi" tests="3" failures="0" timestamp="2020-03-26T15:33:12 IST" time="2.938" errors="0">
  <testcase name="getUserWithOneQueryParameterApi" time="2.938" classname="com.api.test.GETCallApi"/>
  <system-out/>
  <testcase name="getUserWithSpecificApi" classname="com.api.test.GETCallApi">
    <skipped/>
  </testcase> <!-- getUserWithSpecificApi -->
  <system-out/>
  <testcase name="getUsers1Api" classname="com.api.test.GETCallApi">
    <skipped/>
  </testcase> <!-- getUsers1Api -->
  <system-out/>
</testsuite> <!-- com.api.test.GETCallApi -->
