<?xml version="1.0" encoding="UTF-8"?>
<!-- Generated by org.testng.reporters.JUnitReportReporter -->
<testsuite skipped="0" hostname="AIPL-PUN-LT-081" name="com.qa.httpclientsAPItests.DeleteUserAPITest" tests="1" failures="0" timestamp="01 Apr 2020 09:41:32 GMT" time="1.047" errors="0">
  <testcase name="deleteUserTest" time="1.047" classname="com.qa.httpclientsAPItests.DeleteUserAPITest"/>
</testsuite> <!-- com.qa.httpclientsAPItests.DeleteUserAPITest -->
