<?xml version="1.0" encoding="UTF-8"?>
<!-- Generated by org.testng.reporters.JUnitReportReporter -->
<testsuite skipped="0" hostname="AIPL2361LT06766" name="com.walmart.jsonpath.SearchXmlPath" tests="1" failures="0" timestamp="09 Aug 2020 17:00:20 GMT" time="3.757" errors="0">
  <testcase name="test006" time="3.757" classname="com.walmart.jsonpath.SearchXmlPath"/>
</testsuite> <!-- com.walmart.jsonpath.SearchXmlPath -->
