<?xml version="1.0" encoding="UTF-8"?>
<!-- Generated by org.testng.reporters.JUnitReportReporter -->
<testsuite skipped="0" hostname="AIPL-PUN-LT-081" name="com.qa.restDemo.Employee" tests="1" failures="0" timestamp="13 Apr 2020 11:25:04 GMT" time="2.269" errors="0">
  <testcase name="createUser" time="2.269" classname="com.qa.restDemo.Employee"/>
</testsuite> <!-- com.qa.restDemo.Employee -->
