<?xml version="1.0" encoding="UTF-8"?>
<!-- Generated by org.testng.reporters.JUnitReportReporter -->
<testsuite skipped="0" hostname="AIPL2361LT06766" name="com.students.tests.StudentPOSTCalls" tests="1" failures="0" timestamp="09 Aug 2020 07:20:49 GMT" time="1.757" errors="0">
  <testcase name="createStudentAsObjectUsingFacker" time="1.757" classname="com.students.tests.StudentPOSTCalls"/>
</testsuite> <!-- com.students.tests.StudentPOSTCalls -->
