<?xml version="1.0" encoding="UTF-8"?>
<!-- Generated by org.testng.reporters.JUnitReportReporter -->
<testsuite skipped="1" hostname="AIPL-PUN-LT-081" name="com.qa.httpclientsAPItests.BasicAuthWithHttpClient" tests="2" failures="0" timestamp="01 Apr 2020 09:21:54 GMT" time="1.418" errors="0">
  <testcase name="basicAuthWithHttpHandleTest" time="1.418" classname="com.qa.httpclientsAPItests.BasicAuthWithHttpClient"/>
  <testcase name="basicAuthHttpHandleTest" classname="com.qa.httpclientsAPItests.BasicAuthWithHttpClient">
    <skipped/>
  </testcase> <!-- basicAuthHttpHandleTest -->
</testsuite> <!-- com.qa.httpclientsAPItests.BasicAuthWithHttpClient -->
