<?xml version="1.0" encoding="UTF-8"?>
<!-- Generated by org.testng.reporters.JUnitReportReporter -->
<testsuite skipped="0" hostname="AIPL-PUN-LT-081" name="com.qa.twitter.CooksAPITest" tests="2" failures="0" timestamp="03 Apr 2020 11:52:44 GMT" time="2.838" errors="0">
  <testcase name="feedChickenTest" time="0.650" classname="com.qa.twitter.CooksAPITest"/>
  <testcase name="eggCollectTest" time="2.188" classname="com.qa.twitter.CooksAPITest"/>
</testsuite> <!-- com.qa.twitter.CooksAPITest -->
