<?xml version="1.0" encoding="UTF-8"?>
<!-- Generated by org.testng.reporters.JUnitReportReporter -->
<testsuite skipped="0" hostname="AIPL-PUN-LT-081" name="com.api.test.PUTAPICall" tests="1" failures="0" timestamp="13 Apr 2020 08:36:22 GMT" time="2.727" errors="0">
  <testcase name="updateUserwithPUTTest" time="2.727" classname="com.api.test.PUTAPICall"/>
</testsuite> <!-- com.api.test.PUTAPICall -->
