<?xml version="1.0" encoding="UTF-8"?>
<!-- Generated by org.testng.reporters.JUnitReportReporter -->
<testsuite skipped="0" hostname="AIPL-PUN-LT-081" name="com.api.test.GetTokenPOJO" tests="3" failures="0" timestamp="2020-03-30T18:19:16 IST" time="5.564" errors="0">
  <testcase name="getTokenAPIWithBadJSONPayloadTest" time="2.590" classname="com.api.test.GetTokenPOJO"/>
  <system-out/>
  <testcase name="tokenAPIWithWrongCredentialTest" time="1.753" classname="com.api.test.GetTokenPOJO"/>
  <system-out/>
  <testcase name="tokenPOSTApiTest" time="1.221" classname="com.api.test.GetTokenPOJO"/>
  <system-out/>
</testsuite> <!-- com.api.test.GetTokenPOJO -->
