<?xml version="1.0" encoding="UTF-8"?>
<!-- Generated by org.testng.reporters.JUnitReportReporter -->
<testsuite skipped="0" hostname="AIPL-PUN-LT-081" name="com.api.test.DELETECallAPI" tests="1" failures="0" timestamp="2020-03-27T16:21:12 IST" time="2.440" errors="0">
  <testcase name="deleteUserAPITest" time="2.440" classname="com.api.test.DELETECallAPI"/>
  <system-out/>
</testsuite> <!-- com.api.test.DELETECallAPI -->
