<?xml version="1.0" encoding="UTF-8"?>
<!-- Generated by org.testng.reporters.JUnitReportReporter -->
<testsuite skipped="1" hostname="AIPL-PUN-LT-081" name="com.qa.twitter.OAuthTwoTest" tests="2" failures="0" timestamp="03 Apr 2020 11:09:54 GMT" time="2.845" errors="0">
  <testcase name="getOAuth2Test" time="2.845" classname="com.qa.twitter.OAuthTwoTest"/>
  <testcase name="checkOAuth2Test" classname="com.qa.twitter.OAuthTwoTest">
    <skipped/>
  </testcase> <!-- checkOAuth2Test -->
</testsuite> <!-- com.qa.twitter.OAuthTwoTest -->
