<?xml version="1.0" encoding="UTF-8"?>
<!-- Generated by org.testng.reporters.JUnitReportReporter -->
<testsuite skipped="0" hostname="AIPL-PUN-LT-081" name="com.qa.httpclientsAPItests.UpdateUserAPITest" tests="1" failures="0" timestamp="01 Apr 2020 06:47:20 GMT" time="1.247" errors="0">
  <testcase name="updateUserTest" time="1.247" classname="com.qa.httpclientsAPItests.UpdateUserAPITest"/>
</testsuite> <!-- com.qa.httpclientsAPItests.UpdateUserAPITest -->
