<?xml version="1.0" encoding="UTF-8"?>
<!-- Generated by org.testng.reporters.JUnitReportReporter -->
<testsuite skipped="0" hostname="AIPL-PUN-LT-081" name="com.qa.twitter.OAuth1Test" tests="1" failures="0" timestamp="03 Apr 2020 10:17:43 GMT" time="3.390" errors="0">
  <testcase name="postATweetTest" time="3.390" classname="com.qa.twitter.OAuth1Test"/>
</testsuite> <!-- com.qa.twitter.OAuth1Test -->
