<?xml version="1.0" encoding="UTF-8"?>
<!-- Generated by org.testng.reporters.JUnitReportReporter -->
<testsuite skipped="0" hostname="AIPL-PUN-LT-081" name="com.qa.httpclientsAPItests.UpdateUserPUTApiTest" tests="1" failures="0" timestamp="01 Apr 2020 10:47:54 GMT" time="1.259" errors="0">
  <testcase name="updateUserTest" time="1.259" classname="com.qa.httpclientsAPItests.UpdateUserPUTApiTest"/>
</testsuite> <!-- com.qa.httpclientsAPItests.UpdateUserPUTApiTest -->
