<?xml version="1.0" encoding="UTF-8"?>
<!-- Generated by org.testng.reporters.JUnitReportReporter -->
<testsuite skipped="0" hostname="AIPL2361LT06766" name="com.students.tests.LoggingRequest" tests="1" failures="0" timestamp="09 Aug 2020 09:59:03 GMT" time="1.750" errors="0">
  <testcase name="logResponse007" time="1.750" classname="com.students.tests.LoggingRequest"/>
</testsuite> <!-- com.students.tests.LoggingRequest -->
