<?xml version="1.0" encoding="UTF-8"?>
<!-- Generated by org.testng.reporters.JUnitReportReporter -->
<testsuite skipped="0" hostname="AIPL-PUN-LT-081" name="com.api.test.BasicAuthHandle" tests="1" failures="0" timestamp="01 Apr 2020 07:26:13 GMT" time="2.357" errors="0">
  <testcase name="basicAuthRestAssuredTest" time="2.357" classname="com.api.test.BasicAuthHandle"/>
</testsuite> <!-- com.api.test.BasicAuthHandle -->
