<?xml version="1.0" encoding="UTF-8"?>
<!-- Generated by org.testng.reporters.JUnitReportReporter -->
<testsuite skipped="1" hostname="AIPL-PUN-LT-081" name="com.qa.httpclientsAPItests.CreateUserPOSTAPITest" tests="2" failures="0" timestamp="13 Apr 2020 09:57:23 GMT" time="0.883" errors="0">
  <testcase name="createUserTest" time="0.883" classname="com.qa.httpclientsAPItests.CreateUserPOSTAPITest"/>
  <testcase name="createUserAPITest" classname="com.qa.httpclientsAPItests.CreateUserPOSTAPITest">
    <skipped/>
  </testcase> <!-- createUserAPITest -->
</testsuite> <!-- com.qa.httpclientsAPItests.CreateUserPOSTAPITest -->
